<?xml version="1.0" encoding="UTF-8"?>
<testng-results skipped="0" failed="0" ignored="0" total="1" passed="1">
  <reporter-output>
  </reporter-output>
  <suite name="Default suite" duration-ms="21042" started-at="2019-03-12T11:51:40Z" finished-at="2019-03-12T11:52:01Z">
    <groups>
    </groups>
    <test name="Default test" duration-ms="21042" started-at="2019-03-12T11:51:40Z" finished-at="2019-03-12T11:52:01Z">
      <class name="ajax.ajaxdemo">
        <test-method status="PASS" signature="setUp()[pri:0, instance:ajax.ajaxdemo@3532ec19]" name="setUp" is-config="true" duration-ms="7508" started-at="2019-03-12T11:51:40Z" finished-at="2019-03-12T11:51:48Z">
          <reporter-output>
          </reporter-output>
        </test-method> <!-- setUp -->
        <test-method status="PASS" signature="test_AjaxExample()[pri:0, instance:ajax.ajaxdemo@3532ec19]" name="test_AjaxExample" duration-ms="13489" started-at="2019-03-12T11:51:48Z" finished-at="2019-03-12T11:52:01Z">
          <reporter-output>
          </reporter-output>
        </test-method> <!-- test_AjaxExample -->
      </class> <!-- ajax.ajaxdemo -->
    </test> <!-- Default test -->
  </suite> <!-- Default suite -->
</testng-results>
